<?xml version="1.0" encoding="UTF-8"?>
<testng-results ignored="0" total="1" passed="1" failed="0" skipped="0">
  <reporter-output>
  </reporter-output>
  <suite started-at="2025-04-16T20:42:34 IST" name="Default suite" finished-at="2025-04-16T20:42:59 IST" duration-ms="24201">
    <groups>
    </groups>
    <test started-at="2025-04-16T20:42:34 IST" name="Default test" finished-at="2025-04-16T20:42:59 IST" duration-ms="24201">
      <class name="TestNG.Example">
        <test-method is-config="true" signature="browser()[pri:0, instance:TestNG.Example@2ddc9a9f]" started-at="2025-04-16T20:42:34 IST" name="browser" finished-at="2025-04-16T20:42:38 IST" duration-ms="3240" status="PASS">
          <reporter-output>
          </reporter-output>
        </test-method> <!-- browser -->
        <test-method is-config="true" signature="url()[pri:0, instance:TestNG.Example@2ddc9a9f]" started-at="2025-04-16T20:42:38 IST" name="url" finished-at="2025-04-16T20:42:58 IST" duration-ms="20565" status="PASS">
          <reporter-output>
          </reporter-output>
        </test-method> <!-- url -->
        <test-method signature="test1()[pri:0, instance:TestNG.Example@2ddc9a9f]" started-at="2025-04-16T20:42:58 IST" name="test1" finished-at="2025-04-16T20:42:59 IST" duration-ms="305" status="PASS">
          <reporter-output>
          </reporter-output>
        </test-method> <!-- test1 -->
      </class> <!-- TestNG.Example -->
    </test> <!-- Default test -->
  </suite> <!-- Default suite -->
</testng-results>
